<?xml version="1.0" encoding="UTF-8"?>
<!-- Generated by org.testng.reporters.JUnitReportReporter -->
<testsuite hostname="WebCARE" failures="0" tests="1" name="fw3.testTime" time="3.827" errors="0" timestamp="2024-03-26T14:50:03 IST" skipped="0">
  <testcase classname="fw3.testTime" name="gettime" time="3.827"/>
</testsuite> <!-- fw3.testTime -->
