<?xml version="1.0" encoding="UTF-8"?>
<!-- Generated by org.testng.reporters.JUnitReportReporter -->
<testsuite hostname="WebCARE" failures="0" tests="1" name="testCases.Demo_Validate_talonData_integration" time="2.734" errors="0" timestamp="2024-03-28T15:18:53 IST" skipped="0">
  <testcase classname="testCases.Demo_Validate_talonData_integration" name="validateProjectcreation" time="2.734"/>
</testsuite> <!-- testCases.Demo_Validate_talonData_integration -->
