<?xml version="1.0" encoding="UTF-8"?>
<!-- Generated by org.testng.reporters.JUnitReportReporter -->
<testsuite hostname="WebCARE" failures="0" tests="1" name="testCases.test1" time="3.102" errors="0" timestamp="2024-03-27T14:01:27 IST" skipped="0">
  <testcase classname="testCases.test1" name="ruun" time="3.102"/>
</testsuite> <!-- testCases.test1 -->
