<?xml version="1.0" encoding="UTF-8"?>
<!-- Generated by org.testng.reporters.JUnitReportReporter -->
<testsuite hostname="WebCARE" failures="0" tests="1" name="testCases.testTriel" time="0.009" errors="0" timestamp="2024-03-28T13:01:55 IST" skipped="0">
  <testcase classname="testCases.testTriel" name="execute" time="0.009"/>
</testsuite> <!-- testCases.testTriel -->
