<?xml version="1.0" encoding="UTF-8"?>
<!-- Generated by org.testng.reporters.JUnitReportReporter -->
<testsuite hostname="WebCARE" failures="0" tests="1" name="testTriel" time="0.013" errors="0" timestamp="2024-03-28T12:58:27 IST" skipped="0">
  <testcase classname="testTriel" name="execute" time="0.013"/>
</testsuite> <!-- testTriel -->
