<?xml version="1.0" encoding="UTF-8"?>
<!-- Generated by org.testng.reporters.JUnitReportReporter -->
<testsuite hostname="WebCARE" failures="0" tests="3" name="testCases.Demo_Validate_ProjectCreation" time="2.807" errors="0" timestamp="2024-03-27T15:51:54 IST" skipped="0">
  <testcase classname="testCases.Demo_Validate_ProjectCreation" name="getBrandIds" time="0.013"/>
  <testcase classname="testCases.Demo_Validate_ProjectCreation" name="validateProjectcreation" time="2.749"/>
  <testcase classname="testCases.Demo_Validate_ProjectCreation" name="valdiateProjectname" time="0.045"/>
</testsuite> <!-- testCases.Demo_Validate_ProjectCreation -->
